app/build/outputs/logs/manifest-merger-debug-report.txt
-- Merging decision tree log ---
manifest
ADDED from AndroidManifest.xml:2:1
	package
		ADDED from AndroidManifest.xml:3:7
		INJECTED from AndroidManifest.xml:0:0
		INJECTED from AndroidManifest.xml:0:0
	android:versionName
		ADDED from AndroidManifest.xml:4:7
	android:versionCode
		ADDED from AndroidManifest.xml:5:7
		INJECTED from AndroidManifest.xml:0:0
		INJECTED from AndroidManifest.xml:0:0
	xmlns:android
		ADDED from AndroidManifest.xml:2:11
uses-sdk
ADDED from AndroidManifest.xml:7:2
MERGED from com.android.support:support-v4:21.0.3:15:5
MERGED from com.actionbarsherlock:actionbarsherlock:4.4.0:3:3
MERGED from com.jeremyfeinstein.slidingmenu:library:1.3:4:5
	android:targetSdkVersion
		ADDED from AndroidManifest.xml:7:38
		INJECTED from AndroidManifest.xml:0:0
		INJECTED from AndroidManifest.xml:0:0
	android:minSdkVersion
		ADDED from AndroidManifest.xml:7:12
		INJECTED from AndroidManifest.xml:0:0
		INJECTED from AndroidManifest.xml:0:0
uses-permission#android.permission.INTERNET
ADDED from AndroidManifest.xml:8:2
	android:name
		ADDED from AndroidManifest.xml:8:19
uses-permission#android.permission.ACCESS_NETWORK_STATE
ADDED from AndroidManifest.xml:9:5
	android:name
		ADDED from AndroidManifest.xml:9:22
uses-permission#android.permission.ACCESS_WIFI_STATE
ADDED from AndroidManifest.xml:10:5
	android:name
		ADDED from AndroidManifest.xml:10:22
uses-permission#android.permission.AUTHENTICATE_ACCOUNTS
ADDED from AndroidManifest.xml:11:5
	android:name
		ADDED from AndroidManifest.xml:11:22
uses-permission#android.permission.USE_CREDENTIALS
ADDED from AndroidManifest.xml:12:5
	android:name
		ADDED from AndroidManifest.xml:12:22
uses-permission#android.permission.GET_ACCOUNTS
ADDED from AndroidManifest.xml:13:5
	android:name
		ADDED from AndroidManifest.xml:13:22
uses-permission#android.permission.MANAGE_ACCOUNTS
ADDED from AndroidManifest.xml:14:5
	android:name
		ADDED from AndroidManifest.xml:14:22
supports-screens
ADDED from AndroidManifest.xml:16:5
	android:largeScreens
		ADDED from AndroidManifest.xml:19:21
	android:smallScreens
		ADDED from AndroidManifest.xml:17:21
	android:normalScreens
		ADDED from AndroidManifest.xml:18:21
	android:xlargeScreens
		ADDED from AndroidManifest.xml:20:21
	android:resizeable
		ADDED from AndroidManifest.xml:16:23
	android:anyDensity
		ADDED from AndroidManifest.xml:21:21
application
ADDED from AndroidManifest.xml:22:5
MERGED from com.android.support:support-v4:21.0.3:16:5
MERGED from com.actionbarsherlock:actionbarsherlock:4.4.0:4:3
	android:label
		ADDED from AndroidManifest.xml:24:9
	android:supportsRtl
		ADDED from AndroidManifest.xml:26:9
	android:allowBackup
		ADDED from AndroidManifest.xml:25:9
	android:icon
		ADDED from AndroidManifest.xml:23:9
activity#org.qaoverflow.q2android.Q2Android
ADDED from AndroidManifest.xml:28:9
	android:screenOrientation
		ADDED from AndroidManifest.xml:34:13
	android:label
		ADDED from AndroidManifest.xml:28:19
	android:launchMode
		ADDED from AndroidManifest.xml:35:5
	android:windowSoftInputMode
		ADDED from AndroidManifest.xml:33:5
	android:configChanges
		ADDED from AndroidManifest.xml:32:5
	android:theme
		ADDED from AndroidManifest.xml:30:4
	android:logo
		ADDED from AndroidManifest.xml:31:5
	android:name
		ADDED from AndroidManifest.xml:29:4
intent-filter#android.intent.action.SEND+android.intent.category.DEFAULT
ADDED from AndroidManifest.xml:36:7
action#android.intent.action.SEND
ADDED from AndroidManifest.xml:37:11
	android:name
		ADDED from AndroidManifest.xml:37:19
category#android.intent.category.DEFAULT
ADDED from AndroidManifest.xml:38:11
	android:name
		ADDED from AndroidManifest.xml:38:21
data
ADDED from AndroidManifest.xml:39:11
	android:mimeType
		ADDED from AndroidManifest.xml:39:17
intent-filter#android.intent.action.MAIN+android.intent.category.LAUNCHER
ADDED from AndroidManifest.xml:41:13
action#android.intent.action.MAIN
ADDED from AndroidManifest.xml:42:17
	android:name
		ADDED from AndroidManifest.xml:42:25
category#android.intent.category.LAUNCHER
ADDED from AndroidManifest.xml:43:17
	android:name
		ADDED from AndroidManifest.xml:43:27
activity#org.qaoverflow.q2android.Q2ASettingsActivity
ADDED from AndroidManifest.xml:46:9
	android:screenOrientation
		ADDED from AndroidManifest.xml:50:13
	android:label
		ADDED from AndroidManifest.xml:46:19
	android:configChanges
		ADDED from AndroidManifest.xml:49:4
	android:theme
		ADDED from AndroidManifest.xml:48:5
	android:logo
		ADDED from AndroidManifest.xml:51:7
	android:name
		ADDED from AndroidManifest.xml:47:13
activity#org.qaoverflow.q2android.Q2AHelpActivity
ADDED from AndroidManifest.xml:53:9
	android:screenOrientation
		ADDED from AndroidManifest.xml:56:13
	android:label
		ADDED from AndroidManifest.xml:53:19
	android:theme
		ADDED from AndroidManifest.xml:55:5
	android:logo
		ADDED from AndroidManifest.xml:57:7
	android:name
		ADDED from AndroidManifest.xml:54:13
activity#org.qaoverflow.q2android.Q2AUserActivity
ADDED from AndroidManifest.xml:59:9
	android:screenOrientation
		ADDED from AndroidManifest.xml:61:13
	android:theme
		ADDED from AndroidManifest.xml:62:5
	android:name
		ADDED from AndroidManifest.xml:60:13
activity#org.qaoverflow.q2android.Q2ALoginActivity
ADDED from AndroidManifest.xml:64:9
	android:screenOrientation
		ADDED from AndroidManifest.xml:66:13
	android:theme
		ADDED from AndroidManifest.xml:67:5
	android:name
		ADDED from AndroidManifest.xml:65:13
activity#org.qaoverflow.q2android.authentication.AuthenticatorActivity
ADDED from AndroidManifest.xml:69:9
	android:screenOrientation
		ADDED from AndroidManifest.xml:71:13
	android:label
		ADDED from AndroidManifest.xml:72:13
	android:theme
		ADDED from AndroidManifest.xml:70:5
	android:name
		ADDED from AndroidManifest.xml:69:19
service#org.qaoverflow.q2android.authentication.Q2AuthenticatorService
ADDED from AndroidManifest.xml:73:9
	android:exported
		ADDED from AndroidManifest.xml:74:13
	android:name
		ADDED from AndroidManifest.xml:73:18
intent-filter#android.accounts.AccountAuthenticator
ADDED from AndroidManifest.xml:75:13
action#android.accounts.AccountAuthenticator
ADDED from AndroidManifest.xml:76:17
	android:name
		ADDED from AndroidManifest.xml:76:25
meta-data#android.accounts.AccountAuthenticator
ADDED from AndroidManifest.xml:78:13
	android:resource
		ADDED from AndroidManifest.xml:79:24
	android:name
		ADDED from AndroidManifest.xml:78:24